Oct 21 22:06 : avahi: Client Disconnected, will reconnect shortly
Oct 21 22:06 : avahi: Could not reconnect: An unexpected D-Bus error occured
Oct 22 16:12 : client: No such directory
Oct 22 16:21 : added /Seki Turkovic - Sedi malo za moj sto.MP3
Oct 22 16:21 : added /Adil - Laku noc (2012) Grand Diet Plus Festival (Live).MP3
Oct 22 16:21 : added /Mina Kostic & Igor X - Grudi od betona.MP3
Oct 22 16:21 : added /Ana Bekuta - Imam jedan život (Sava Centar 22.02.2012.).MP3
Oct 22 16:21 : added /ADIL - LJUBI ME PO SECANJU - TEKST.mp3
Oct 22 16:21 : added /Ivana Selakov - Moje ime je sreca.MP3
Oct 22 16:21 : added /Milan Mitrovic - Necu da me starost pita - www.domaci.de.mp3
Oct 22 16:21 : added /Far East Movement - Like A G6 ft. The Cataracs, DEV.MP3
Oct 22 16:21 : added /mlaDJa & Big Time feat. Jovan Perisic & Aleksandar Olujic - Harmonika (OFFICIAL VIDEO).MP3
Oct 22 16:21 : added /OK BAND-NASELI NA LJUBAV (Official Music Video).MP3
Oct 22 16:21 : added /Trile Feat. Sha - Brzi od metka (OFFICIAL HD VIDEO) 2011.mp3
Oct 22 16:21 : added /Adil Maksutović - Sinovi tuge (Zvanični video) [HQ].MP3
Oct 22 16:21 : added /Maya - Leti Ptico Slobodno [Single 2012.].MP3
Oct 22 16:21 : added /Dado Polumenta - Ko zna gdje si [OFFICIAL HQ VIDEO _ SPOT].MP3
Oct 22 16:21 : added /2012-    _ Petar Mitic 2012- Gas do daske.mp3
Oct 22 16:21 : added /Gru feat. Ajs Nigrutin - I Dalje Me ele (Official Music Video).mp3
Oct 22 16:21 : added /GOCA TRZAN _ STOPERKA.MP3
Oct 22 16:21 : added /Adil - Od usana do stopala 2011.mpg.mp3
Oct 22 16:21 : added /GOCA TRZAN-STRASILO (OFFICIAL VIDEO).MP3
Oct 22 16:21 : added /Denial Ahmetovic - Ljubi me po sjecanju.MP3
Oct 22 16:28 : avahi: Client Disconnected, will reconnect shortly
Oct 22 16:28 : avahi: Could not reconnect: An unexpected D-Bus error occured
Oct 22 20:55 : updating /Adil - Laku noc (2012) Grand Diet Plus Festival (Live).MP3
Oct 22 20:56 : updating /ADIL - LJUBI ME PO SECANJU - TEKST.mp3
Oct 22 20:56 : updating /ADIL - LJUBI ME PO SECANJU - TEKST.mp3
Oct 22 20:57 : updating /2012-    _ Petar Mitic 2012- Gas do daske.mp3
Oct 22 20:58 : updating /Adil - Od usana do stopala 2011.mpg.mp3
Oct 22 20:58 : updating /Adil Maksutović - Sinovi tuge (Zvanični video) [HQ].MP3
Oct 22 20:59 : updating /Ana Bekuta - Imam jedan život (Sava Centar 22.02.2012.).MP3
Oct 22 20:59 : updating /Dado Polumenta - Ko zna gdje si [OFFICIAL HQ VIDEO _ SPOT].MP3
Oct 22 21:00 : updating /GOCA TRZAN _ STOPERKA.MP3
Oct 22 21:00 : updating /GOCA TRZAN-STRASILO (OFFICIAL VIDEO).MP3
Oct 22 21:01 : updating /Gru feat. Ajs Nigrutin - I Dalje Me ele (Official Music Video).mp3
Oct 22 21:01 : updating /Ivana Selakov - Moje ime je sreca.MP3
Oct 22 21:02 : updating /Maya - Leti Ptico Slobodno [Single 2012.].MP3
Oct 22 21:02 : updating /Milan Mitrovic - Necu da me starost pita - www.domaci.de.mp3
Oct 22 21:03 : updating /Mina Kostic & Igor X - Grudi od betona.MP3
Oct 22 21:04 : updating /mlaDJa & Big Time feat. Jovan Perisic & Aleksandar Olujic - Harmonika (OFFICIAL VIDEO).MP3
Oct 22 21:04 : updating /OK BAND-NASELI NA LJUBAV (Official Music Video).MP3
Oct 22 21:05 : updating /Seki Turkovic - Sedi malo za moj sto.MP3
Oct 22 21:05 : updating /Trile Feat. Sha - Brzi od metka (OFFICIAL HD VIDEO) 2011.mp3
Oct 22 21:06 : updating /ADIL - LJUBI ME PO SECANJU - TEKST.mp3
Oct 22 21:20 : added /karolina goceva - vise se ne vracas.mp3
Oct 22 21:21 : updating /karolina goceva - vise se ne vracas.mp3
Oct 22 21:29 : added /In Vivo - Moje Leto (ft. BoyanT).mp3
Oct 22 22:58 : avahi: Client Disconnected, will reconnect shortly
Oct 22 22:58 : avahi: Could not reconnect: Daemon not running
Oct 23 15:19 : player_thread: played "2012-    _ Petar Mitic 2012- Gas do daske.mp3"
Oct 23 15:23 : player_thread: played "Adil - Laku noc (2012) Grand Diet Plus Festival (Live).MP3"
Oct 23 15:26 : player_thread: played "2012-    _ Petar Mitic 2012- Gas do daske.mp3"
Oct 23 15:31 : player_thread: played "Adil - Od usana do stopala 2011.mpg.mp3"
Oct 23 15:32 : added /Neda_Ukraden_-_Najbolji_klub_u_gradu_(DEEJAY_SKY_REMIX_2012)_-_www.mp3arhiva.in.mp3
Oct 23 15:35 : player_thread: played "Adil Maksutović - Sinovi tuge (Zvanični video) [HQ].MP3"
Oct 23 15:39 : player_thread: played "Ana Bekuta - Imam jedan život (Sava Centar 22.02.2012.).MP3"
Oct 23 15:44 : player_thread: played "Dado Polumenta - Ko zna gdje si [OFFICIAL HQ VIDEO _ SPOT].MP3"
Oct 23 15:47 : player_thread: played "GOCA TRZAN _ STOPERKA.MP3"
Oct 23 15:51 : player_thread: played "GOCA TRZAN-STRASILO (OFFICIAL VIDEO).MP3"
Oct 23 15:54 : player_thread: played "Gru feat. Ajs Nigrutin - I Dalje Me ele (Official Music Video).mp3"
Oct 23 15:58 : player_thread: played "Ivana Selakov - Moje ime je sreca.MP3"
Oct 23 16:02 : player_thread: played "Maya - Leti Ptico Slobodno [Single 2012.].MP3"
Oct 23 16:05 : player_thread: played "Milan Mitrovic - Necu da me starost pita - www.domaci.de.mp3"
Oct 23 16:09 : player_thread: played "Mina Kostic & Igor X - Grudi od betona.MP3"
Oct 23 16:12 : player_thread: played "mlaDJa & Big Time feat. Jovan Perisic & Aleksandar Olujic - Harmonika (OFFICIAL VIDEO).MP3"
Oct 23 16:16 : player_thread: played "OK BAND-NASELI NA LJUBAV (Official Music Video).MP3"
Oct 23 16:20 : player_thread: played "Seki Turkovic - Sedi malo za moj sto.MP3"
Oct 23 16:24 : player_thread: played "Trile Feat. Sha - Brzi od metka (OFFICIAL HD VIDEO) 2011.mp3"
Oct 23 16:28 : player_thread: played "ADIL - LJUBI ME PO SECANJU - TEKST.mp3"
Oct 23 16:31 : player_thread: played "karolina goceva - vise se ne vracas.mp3"
Oct 23 16:34 : player_thread: played "2012-    _ Petar Mitic 2012- Gas do daske.mp3"
Oct 23 16:38 : player_thread: played "Adil - Laku noc (2012) Grand Diet Plus Festival (Live).MP3"
Oct 23 16:41 : player_thread: played "2012-    _ Petar Mitic 2012- Gas do daske.mp3"
Oct 23 16:46 : player_thread: played "Adil - Od usana do stopala 2011.mpg.mp3"
Oct 23 16:50 : player_thread: played "Adil Maksutović - Sinovi tuge (Zvanični video) [HQ].MP3"
Oct 23 16:54 : player_thread: played "Ana Bekuta - Imam jedan život (Sava Centar 22.02.2012.).MP3"
Oct 23 16:58 : player_thread: played "Dado Polumenta - Ko zna gdje si [OFFICIAL HQ VIDEO _ SPOT].MP3"
Oct 23 17:02 : player_thread: played "GOCA TRZAN _ STOPERKA.MP3"
Oct 23 17:06 : player_thread: played "GOCA TRZAN-STRASILO (OFFICIAL VIDEO).MP3"
Oct 23 17:09 : player_thread: played "Gru feat. Ajs Nigrutin - I Dalje Me ele (Official Music Video).mp3"
Oct 23 17:13 : player_thread: played "Ivana Selakov - Moje ime je sreca.MP3"
Oct 23 18:01 : player_thread: played "Maya - Leti Ptico Slobodno [Single 2012.].MP3"
Oct 23 18:16 : player_thread: played "Trile Feat. Sha - Brzi od metka (OFFICIAL HD VIDEO) 2011.mp3"
Oct 23 18:20 : player_thread: played "ADIL - LJUBI ME PO SECANJU - TEKST.mp3"
Oct 23 18:23 : player_thread: played "karolina goceva - vise se ne vracas.mp3"
Oct 23 18:27 : player_thread: played "Seki Turkovic - Sedi malo za moj sto.MP3"
Oct 23 18:31 : player_thread: played "Trile Feat. Sha - Brzi od metka (OFFICIAL HD VIDEO) 2011.mp3"
Oct 23 18:35 : player_thread: played "ADIL - LJUBI ME PO SECANJU - TEKST.mp3"
Oct 23 18:38 : player_thread: played "karolina goceva - vise se ne vracas.mp3"
Oct 23 18:43 : avahi: Client Disconnected, will reconnect shortly
Oct 23 18:43 : avahi: Could not reconnect: An unexpected D-Bus error occured
Oct 24 21:58 : player_thread: played "Adil - Od usana do stopala 2011.mpg.mp3"
Oct 24 22:02 : player_thread: played "karolina goceva - vise se ne vracas.mp3"
Oct 24 22:05 : player_thread: played "2012-    _ Petar Mitic 2012- Gas do daske.mp3"
Oct 24 22:09 : player_thread: played "Adil - Laku noc (2012) Grand Diet Plus Festival (Live).MP3"
Oct 24 22:12 : player_thread: played "2012-    _ Petar Mitic 2012- Gas do daske.mp3"
Oct 24 22:16 : player_thread: played "Adil - Od usana do stopala 2011.mpg.mp3"
Oct 24 22:24 : avahi: Client Disconnected, will reconnect shortly
Oct 24 22:24 : avahi: Could not reconnect: An unexpected D-Bus error occured
Oct 27 20:26 : removing 2012-    _ Petar Mitic 2012- Gas do daske.mp3
Oct 27 20:26 : added /Claydee - Mamacita Buena (Official Video).MP3
Oct 27 20:26 : added /Petar Mitic Gas do daske.mp3
Oct 27 20:26 : added /Allexinno & Starchild - Senorita.mp3
Oct 27 20:26 : added /Alex Mica - Dalinda (Official Video).MP3
Oct 27 20:26 : added /♫ DJ Elon Matana - Hits of 2012 Vol 6 ♫ __HD 1080p_ (Tracklist OffiCiaL).MP3
Oct 27 20:26 : added /Suavemente Pitbull featuring Nayer and Mohombi With Lyrics.mp3
Oct 27 20:26 : updating /In Vivo - Moje Leto (ft. BoyanT).mp3
Oct 27 20:27 : updating /♫ DJ Elon Matana - Hits of 2012 Vol 6 ♫ __HD 1080p_ (Tracklist OffiCiaL).MP3
Oct 27 21:22 : avahi: Client Disconnected, will reconnect shortly
Oct 27 21:22 : avahi: Could not reconnect: An unexpected D-Bus error occured
Oct 28 08:42 : player_thread: played "♫ DJ Elon Matana - Hits of 2012 Vol 6 ♫ __HD 1080p_ (Tracklist OffiCiaL).MP3"
Oct 28 08:46 : player_thread: played "Adil - Laku noc (2012) Grand Diet Plus Festival (Live).MP3"
Oct 28 08:50 : player_thread: played "Adil - Od usana do stopala 2011.mpg.mp3"
Oct 28 09:11 : player_thread: played "Ivana Selakov - Moje ime je sreca.MP3"
Oct 28 09:14 : player_thread: played "Maya - Leti Ptico Slobodno [Single 2012.].MP3"
Oct 28 09:18 : player_thread: played "Milan Mitrovic - Necu da me starost pita - www.domaci.de.mp3"
Oct 28 09:21 : player_thread: played "Mina Kostic & Igor X - Grudi od betona.MP3"
Oct 28 09:25 : player_thread: played "mlaDJa & Big Time feat. Jovan Perisic & Aleksandar Olujic - Harmonika (OFFICIAL VIDEO).MP3"
Oct 28 09:30 : player_thread: played "Seki Turkovic - Sedi malo za moj sto.MP3"
Oct 28 09:33 : player_thread: played "Trile Feat. Sha - Brzi od metka (OFFICIAL HD VIDEO) 2011.mp3"
Oct 28 09:58 : updating /Allexinno & Starchild - Senorita.mp3
Oct 28 09:58 : updating /Claydee - Mamacita Buena (Official Video).MP3
Oct 28 11:55 : added /Gym Class Heroes: Stereo Hearts ft. Adam Levine [OFFICIAL VIDEO].mp3
Oct 28 11:55 : added /Gusttavo Lima - Balada Boa (LETRA).mp3
Oct 28 11:55 : added /Mike Candys & Evelyn feat. Patrick Miller - One Night In Ibiza (Dirty Club Mix).mp3
Oct 28 11:55 : added /Sean Paul - She Doesn't Mind [Official Music Video].mp3
Oct 28 11:55 : added /Morris - Boca Linda (Official Video).MP3
Oct 28 11:55 : added /Tony Ray feat. Gianna - Chica Loca (Official Music Video HD).MP3
Oct 28 11:59 : updating /Alex Mica - Dalinda (Official Video).MP3
Oct 28 12:00 : updating /Denial Ahmetovic - Ljubi me po sjecanju.MP3
Oct 28 12:00 : updating /Far East Movement - Like A G6 ft. The Cataracs, DEV.MP3
Oct 28 12:01 : updating /Gusttavo Lima - Balada Boa (LETRA).mp3
Oct 28 12:02 : updating /Gym Class Heroes: Stereo Hearts ft. Adam Levine [OFFICIAL VIDEO].mp3
Oct 28 12:02 : updating /Mike Candys & Evelyn feat. Patrick Miller - One Night In Ibiza (Dirty Club Mix).mp3
Oct 28 12:03 : updating /Morris - Boca Linda (Official Video).MP3
Oct 28 12:03 : updating /Sean Paul - She Doesn't Mind [Official Music Video].mp3
Oct 28 12:04 : updating /Suavemente Pitbull featuring Nayer and Mohombi With Lyrics.mp3
Oct 28 12:05 : updating /Tony Ray feat. Gianna - Chica Loca (Official Music Video HD).MP3
Oct 28 12:07 : player_thread: played "Tony Ray feat. Gianna - Chica Loca (Official Music Video HD).MP3"
Oct 28 12:21 : player_thread: played "Alex Mica - Dalinda (Official Video).MP3"
Oct 28 12:26 : player_thread: played "Adil Maksutović - Sinovi tuge (Zvanični video) [HQ].MP3"
Oct 28 12:30 : player_thread: played "Allexinno & Starchild - Senorita.mp3"
Oct 28 12:38 : player_thread: played "Ana Bekuta - Imam jedan život (Sava Centar 22.02.2012.).MP3"
Oct 28 12:42 : player_thread: played "Claydee - Mamacita Buena (Official Video).MP3"
Oct 28 12:47 : player_thread: played "Dado Polumenta - Ko zna gdje si [OFFICIAL HQ VIDEO _ SPOT].MP3"
Oct 28 12:50 : player_thread: played "GOCA TRZAN _ STOPERKA.MP3"
Oct 28 12:55 : player_thread: played "Tony Ray feat. Gianna - Chica Loca (Official Music Video HD).MP3"
Oct 28 12:58 : player_thread: played "Milan Mitrovic - Necu da me starost pita - www.domaci.de.mp3"
Oct 28 13:02 : player_thread: played "Suavemente Pitbull featuring Nayer and Mohombi With Lyrics.mp3"
Oct 28 13:05 : player_thread: played "Morris - Boca Linda (Official Video).MP3"
Oct 28 13:09 : player_thread: played "Dado Polumenta - Ko zna gdje si [OFFICIAL HQ VIDEO _ SPOT].MP3"
Oct 28 13:13 : player_thread: played "OK BAND-NASELI NA LJUBAV (Official Music Video).MP3"
Oct 28 13:19 : avahi: Client Disconnected, will reconnect shortly
Oct 28 13:19 : avahi: Could not reconnect: An unexpected D-Bus error occured
Oct 29 17:22 : player_thread: played "Tony Ray feat. Gianna - Chica Loca (Official Music Video HD).MP3"
Oct 29 17:25 : player_thread: played "In Vivo - Moje Leto (ft. BoyanT).mp3"
Oct 29 17:32 : player_thread: played "In Vivo - Moje Leto (ft. BoyanT).mp3"
Oct 29 17:39 : player_thread: played "Gusttavo Lima - Balada Boa (LETRA).mp3"
Oct 29 17:42 : player_thread: played "Gym Class Heroes: Stereo Hearts ft. Adam Levine [OFFICIAL VIDEO].mp3"
Oct 29 17:45 : player_thread: played "Petar Mitic Gas do daske.mp3"
Oct 29 17:49 : player_thread: played "Maya - Leti Ptico Slobodno [Single 2012.].MP3"
Oct 29 17:53 : player_thread: played "Adil - Laku noc (2012) Grand Diet Plus Festival (Live).MP3"
Oct 29 17:57 : player_thread: played "Dado Polumenta - Ko zna gdje si [OFFICIAL HQ VIDEO _ SPOT].MP3"
Oct 29 18:03 : player_thread: played "Neda_Ukraden_-_Najbolji_klub_u_gradu_(DEEJAY_SKY_REMIX_2012)_-_www.mp3arhiva.in.mp3"
Oct 29 18:06 : player_thread: played "Ivana Selakov - Moje ime je sreca.MP3"
Oct 29 18:10 : player_thread: played "Milan Mitrovic - Necu da me starost pita - www.domaci.de.mp3"
Oct 29 18:12 : player_thread: played "Denial Ahmetovic - Ljubi me po sjecanju.MP3"
Oct 29 18:16 : player_thread: played "GOCA TRZAN-STRASILO (OFFICIAL VIDEO).MP3"
Oct 29 18:20 : player_thread: played "Claydee - Mamacita Buena (Official Video).MP3"
Oct 29 18:24 : player_thread: played "OK BAND-NASELI NA LJUBAV (Official Music Video).MP3"
Oct 29 18:27 : player_thread: played "karolina goceva - vise se ne vracas.mp3"
Oct 29 18:42 : player_thread: played "♫ DJ Elon Matana - Hits of 2012 Vol 6 ♫ __HD 1080p_ (Tracklist OffiCiaL).MP3"
Oct 29 18:45 : player_thread: played "Alex Mica - Dalinda (Official Video).MP3"
Oct 29 18:48 : player_thread: played "Morris - Boca Linda (Official Video).MP3"
Oct 29 18:53 : player_thread: played "Adil - Od usana do stopala 2011.mpg.mp3"
Oct 29 18:56 : player_thread: played "GOCA TRZAN _ STOPERKA.MP3"
Oct 29 19:00 : player_thread: played "Allexinno & Starchild - Senorita.mp3"
Oct 29 19:04 : player_thread: played "Adil Maksutović - Sinovi tuge (Zvanični video) [HQ].MP3"
Oct 29 19:08 : player_thread: played "mlaDJa & Big Time feat. Jovan Perisic & Aleksandar Olujic - Harmonika (OFFICIAL VIDEO).MP3"
Oct 29 19:12 : player_thread: played "Seki Turkovic - Sedi malo za moj sto.MP3"
Oct 29 19:16 : player_thread: played "ADIL - LJUBI ME PO SECANJU - TEKST.mp3"
Oct 29 19:19 : player_thread: played "Mina Kostic & Igor X - Grudi od betona.MP3"
Oct 29 19:23 : player_thread: played "Suavemente Pitbull featuring Nayer and Mohombi With Lyrics.mp3"
Oct 29 19:26 : player_thread: played "Trile Feat. Sha - Brzi od metka (OFFICIAL HD VIDEO) 2011.mp3"
Oct 29 19:30 : player_thread: played "Far East Movement - Like A G6 ft. The Cataracs, DEV.MP3"
Oct 29 19:35 : player_thread: played "Mike Candys & Evelyn feat. Patrick Miller - One Night In Ibiza (Dirty Club Mix).mp3"
Oct 29 19:39 : player_thread: played "Ana Bekuta - Imam jedan život (Sava Centar 22.02.2012.).MP3"
Oct 29 19:44 : player_thread: played "Tony Ray feat. Gianna - Chica Loca (Official Music Video HD).MP3"
Oct 29 19:47 : player_thread: played "karolina goceva - vise se ne vracas.mp3"
Oct 29 19:49 : player_thread: played "Denial Ahmetovic - Ljubi me po sjecanju.MP3"
Oct 29 19:53 : player_thread: played "Gym Class Heroes: Stereo Hearts ft. Adam Levine [OFFICIAL VIDEO].mp3"
Oct 29 20:13 : player_thread: played "Ana Bekuta - Imam jedan život (Sava Centar 22.02.2012.).MP3"
Oct 29 20:16 : player_thread: played "karolina goceva - vise se ne vracas.mp3"
Oct 29 20:21 : player_thread: played "Mike Candys & Evelyn feat. Patrick Miller - One Night In Ibiza (Dirty Club Mix).mp3"
Oct 29 20:24 : player_thread: played "Mina Kostic & Igor X - Grudi od betona.MP3"
Oct 29 20:29 : player_thread: played "Adil - Od usana do stopala 2011.mpg.mp3"
Oct 29 20:32 : player_thread: played "Gym Class Heroes: Stereo Hearts ft. Adam Levine [OFFICIAL VIDEO].mp3"
Oct 29 20:36 : player_thread: played "Allexinno & Starchild - Senorita.mp3"
Oct 29 20:41 : player_thread: played "Adil Maksutović - Sinovi tuge (Zvanični video) [HQ].MP3"
Oct 29 20:44 : player_thread: played "Morris - Boca Linda (Official Video).MP3"
Oct 29 20:48 : player_thread: played "ADIL - LJUBI ME PO SECANJU - TEKST.mp3"
Oct 29 20:52 : player_thread: played "mlaDJa & Big Time feat. Jovan Perisic & Aleksandar Olujic - Harmonika (OFFICIAL VIDEO).MP3"
Oct 29 20:55 : player_thread: played "GOCA TRZAN _ STOPERKA.MP3"
Oct 29 20:58 : player_thread: played "Suavemente Pitbull featuring Nayer and Mohombi With Lyrics.mp3"
Oct 29 21:02 : player_thread: played "Claydee - Mamacita Buena (Official Video).MP3"
Oct 29 21:06 : player_thread: played "Trile Feat. Sha - Brzi od metka (OFFICIAL HD VIDEO) 2011.mp3"
Oct 29 21:09 : player_thread: played "Alex Mica - Dalinda (Official Video).MP3"
Oct 29 21:12 : player_thread: played "Petar Mitic Gas do daske.mp3"
Oct 29 21:15 : player_thread: played "Gusttavo Lima - Balada Boa (LETRA).mp3"
Oct 29 21:19 : player_thread: played "Far East Movement - Like A G6 ft. The Cataracs, DEV.MP3"
Oct 29 21:23 : player_thread: played "Gru feat. Ajs Nigrutin - I Dalje Me ele (Official Music Video).mp3"
Oct 29 21:25 : player_thread: played "Denial Ahmetovic - Ljubi me po sjecanju.MP3"
Oct 29 22:26 : avahi: Client Disconnected, will reconnect shortly
Oct 29 22:26 : avahi: Could not reconnect: An unexpected D-Bus error occured
Oct 30 15:00 : player_thread: played "Suavemente Pitbull featuring Nayer and Mohombi With Lyrics.mp3"
Oct 30 15:05 : player_thread: played "Dado Polumenta - Ko zna gdje si [OFFICIAL HQ VIDEO _ SPOT].MP3"
Oct 30 15:09 : player_thread: played "ADIL - LJUBI ME PO SECANJU - TEKST.mp3"
Oct 30 15:14 : player_thread: played "Adil Maksutović - Sinovi tuge (Zvanični video) [HQ].MP3"
Oct 30 15:18 : player_thread: played "mlaDJa & Big Time feat. Jovan Perisic & Aleksandar Olujic - Harmonika (OFFICIAL VIDEO).MP3"
Oct 30 15:20 : player_thread: played "Denial Ahmetovic - Ljubi me po sjecanju.MP3"
Oct 30 15:23 : player_thread: played "Mina Kostic & Igor X - Grudi od betona.MP3"
Oct 30 15:27 : player_thread: played "Seki Turkovic - Sedi malo za moj sto.MP3"
Oct 30 15:42 : player_thread: played "♫ DJ Elon Matana - Hits of 2012 Vol 6 ♫ __HD 1080p_ (Tracklist OffiCiaL).MP3"
Oct 30 15:45 : player_thread: played "Petar Mitic Gas do daske.mp3"
Oct 30 15:48 : player_thread: played "Tony Ray feat. Gianna - Chica Loca (Official Music Video HD).MP3"
Oct 30 15:52 : player_thread: played "GOCA TRZAN-STRASILO (OFFICIAL VIDEO).MP3"
Oct 30 15:55 : avahi: Client Disconnected, will reconnect shortly
Oct 30 15:55 : avahi: Could not reconnect: An unexpected D-Bus error occured
Nov 04 17:37 : player_thread: played "Sean Paul - She Doesn't Mind [Official Music Video].mp3"
Nov 04 17:42 : player_thread: played "Neda_Ukraden_-_Najbolji_klub_u_gradu_(DEEJAY_SKY_REMIX_2012)_-_www.mp3arhiva.in.mp3"
Nov 04 17:46 : player_thread: played "Claydee - Mamacita Buena (Official Video).MP3"
Nov 04 17:51 : player_thread: played "Mike Candys & Evelyn feat. Patrick Miller - One Night In Ibiza (Dirty Club Mix).mp3"
Nov 04 17:55 : player_thread: played "Allexinno & Starchild - Senorita.mp3"
Nov 04 18:51 : player_thread: played "Seki Turkovic - Sedi malo za moj sto.MP3"
Nov 04 18:55 : player_thread: played "Adil - Od usana do stopala 2011.mpg.mp3"
Nov 04 18:59 : player_thread: played "Adil - Laku noc (2012) Grand Diet Plus Festival (Live).MP3"
Nov 04 19:01 : player_thread: played "Denial Ahmetovic - Ljubi me po sjecanju.MP3"
Nov 04 19:21 : player_thread: played "Seki Turkovic - Sedi malo za moj sto.MP3"
Nov 04 19:25 : player_thread: played "Milan Mitrovic - Necu da me starost pita - www.domaci.de.mp3"
Nov 04 19:28 : player_thread: played "Trile Feat. Sha - Brzi od metka (OFFICIAL HD VIDEO) 2011.mp3"
Nov 04 19:31 : decoder_thread: Unrecognized URI
Nov 04 19:31 : decoder_thread: Unrecognized URI
Nov 04 19:31 : player_thread: played "Tony Ray feat. Gianna - Chica Loca (Official Music Video HD).MP3"
Nov 04 22:01 : player_thread: played "Tony Ray feat. Gianna - Chica Loca (Official Music Video HD).MP3"
Nov 04 22:03 : player_thread: played "Denial Ahmetovic - Ljubi me po sjecanju.MP3"
Nov 04 22:06 : player_thread: played "Milan Mitrovic - Necu da me starost pita - www.domaci.de.mp3"
Nov 04 22:10 : player_thread: played "Sean Paul - She Doesn't Mind [Official Music Video].mp3"
Nov 04 22:13 : player_thread: played "Morris - Boca Linda (Official Video).MP3"
Nov 04 22:18 : player_thread: played "Adil Maksutović - Sinovi tuge (Zvanični video) [HQ].MP3"
Nov 04 22:21 : player_thread: played "GOCA TRZAN _ STOPERKA.MP3"
Nov 04 22:25 : player_thread: played "Seki Turkovic - Sedi malo za moj sto.MP3"
Nov 04 22:28 : avahi: Client Disconnected, will reconnect shortly
Nov 04 22:28 : avahi: Could not reconnect: An unexpected D-Bus error occured
Nov 05 20:03 : player_thread: played "Adil - Laku noc (2012) Grand Diet Plus Festival (Live).MP3"
Nov 05 20:07 : player_thread: played "In Vivo - Moje Leto (ft. BoyanT).mp3"
Nov 05 20:10 : player_thread: played "Milan Mitrovic - Necu da me starost pita - www.domaci.de.mp3"
Nov 05 20:14 : player_thread: played "ADIL - LJUBI ME PO SECANJU - TEKST.mp3"
Nov 05 20:17 : player_thread: played "Gusttavo Lima - Balada Boa (LETRA).mp3"
Nov 05 20:21 : player_thread: played "Claydee - Mamacita Buena (Official Video).MP3"
Nov 05 20:25 : player_thread: played "Far East Movement - Like A G6 ft. The Cataracs, DEV.MP3"
Nov 05 20:29 : player_thread: played "OK BAND-NASELI NA LJUBAV (Official Music Video).MP3"
Nov 05 20:32 : player_thread: played "Trile Feat. Sha - Brzi od metka (OFFICIAL HD VIDEO) 2011.mp3"
Nov 05 20:35 : player_thread: played "Tony Ray feat. Gianna - Chica Loca (Official Music Video HD).MP3"
Nov 05 20:39 : player_thread: played "Ivana Selakov - Moje ime je sreca.MP3"
Nov 05 20:42 : player_thread: played "Allexinno & Starchild - Senorita.mp3"
Nov 05 20:47 : player_thread: played "Adil Maksutović - Sinovi tuge (Zvanični video) [HQ].MP3"
Nov 05 20:50 : player_thread: played "Alex Mica - Dalinda (Official Video).MP3"
Nov 05 20:54 : player_thread: played "GOCA TRZAN-STRASILO (OFFICIAL VIDEO).MP3"
Nov 05 21:00 : player_thread: played "Mike Candys & Evelyn feat. Patrick Miller - One Night In Ibiza (Dirty Club Mix).mp3"
Nov 05 21:05 : player_thread: played "Neda_Ukraden_-_Najbolji_klub_u_gradu_(DEEJAY_SKY_REMIX_2012)_-_www.mp3arhiva.in.mp3"
Nov 05 21:08 : player_thread: played "GOCA TRZAN _ STOPERKA.MP3"
Nov 05 21:11 : player_thread: played "Petar Mitic Gas do daske.mp3"
Nov 05 21:13 : player_thread: played "Denial Ahmetovic - Ljubi me po sjecanju.MP3"
Nov 05 21:17 : player_thread: played "Mina Kostic & Igor X - Grudi od betona.MP3"
Nov 05 21:24 : player_thread: played "Dado Polumenta - Ko zna gdje si [OFFICIAL HQ VIDEO _ SPOT].MP3"
Nov 05 21:27 : player_thread: played "Morris - Boca Linda (Official Video).MP3"
Nov 05 21:31 : player_thread: played "Suavemente Pitbull featuring Nayer and Mohombi With Lyrics.mp3"
Nov 05 21:35 : player_thread: played "Maya - Leti Ptico Slobodno [Single 2012.].MP3"
Nov 05 21:39 : player_thread: played "Sean Paul - She Doesn't Mind [Official Music Video].mp3"
Nov 05 21:42 : player_thread: played "karolina goceva - vise se ne vracas.mp3"
Nov 05 21:46 : decoder_thread: Unrecognized URI
Nov 05 21:46 : decoder_thread: Unrecognized URI
Nov 05 21:46 : player_thread: played "Seki Turkovic - Sedi malo za moj sto.MP3"
Nov 05 21:46 : decoder_thread: Unrecognized URI
Nov 05 21:46 : decoder_thread: Unrecognized URI
Nov 05 21:49 : player_thread: played "Ana Bekuta - Imam jedan život (Sava Centar 22.02.2012.).MP3"
Nov 05 21:53 : player_thread: played "mlaDJa & Big Time feat. Jovan Perisic & Aleksandar Olujic - Harmonika (OFFICIAL VIDEO).MP3"
Nov 05 21:57 : player_thread: played "Adil - Od usana do stopala 2011.mpg.mp3"
Nov 05 22:01 : player_thread: played "Gru feat. Ajs Nigrutin - I Dalje Me ele (Official Music Video).mp3"
Nov 05 22:16 : player_thread: played "♫ DJ Elon Matana - Hits of 2012 Vol 6 ♫ __HD 1080p_ (Tracklist OffiCiaL).MP3"
Nov 05 22:20 : player_thread: played "Allexinno & Starchild - Senorita.mp3"
Nov 05 22:24 : player_thread: played "OK BAND-NASELI NA LJUBAV (Official Music Video).MP3"
Nov 05 22:27 : player_thread: played "Suavemente Pitbull featuring Nayer and Mohombi With Lyrics.mp3"
Nov 05 22:42 : player_thread: played "♫ DJ Elon Matana - Hits of 2012 Vol 6 ♫ __HD 1080p_ (Tracklist OffiCiaL).MP3"
Nov 05 22:44 : avahi: Client Disconnected, will reconnect shortly
Nov 05 22:44 : avahi: Could not reconnect: An unexpected D-Bus error occured
Nov 06 19:47 : avahi: Client Disconnected, will reconnect shortly
Nov 06 19:47 : avahi: Could not reconnect: Daemon not running
Nov 06 20:07 : player_thread: played "Neda_Ukraden_-_Najbolji_klub_u_gradu_(DEEJAY_SKY_REMIX_2012)_-_www.mp3arhiva.in.mp3"
Nov 06 20:11 : player_thread: played "In Vivo - Moje Leto (ft. BoyanT).mp3"
Nov 06 20:14 : player_thread: played "Petar Mitic Gas do daske.mp3"
Nov 06 20:18 : player_thread: played "Gru feat. Ajs Nigrutin - I Dalje Me ele (Official Music Video).mp3"
Nov 06 20:21 : player_thread: played "Tony Ray feat. Gianna - Chica Loca (Official Music Video HD).MP3"
Nov 06 20:24 : decoder_thread: Unrecognized URI
Nov 06 20:24 : decoder_thread: Unrecognized URI
Nov 06 20:24 : player_thread: played "Allexinno & Starchild - Senorita.mp3"
Nov 06 20:24 : decoder_thread: Unrecognized URI
Nov 06 20:24 : decoder_thread: Unrecognized URI
Nov 06 20:26 : avahi: Client Disconnected, will reconnect shortly
Nov 06 20:26 : avahi: Could not reconnect: An unexpected D-Bus error occured
Nov 07 21:38 : player_thread: played "Denial Ahmetovic - Ljubi me po sjecanju.MP3"
Nov 07 21:42 : player_thread: played "mlaDJa & Big Time feat. Jovan Perisic & Aleksandar Olujic - Harmonika (OFFICIAL VIDEO).MP3"
Nov 07 21:45 : player_thread: played "Morris - Boca Linda (Official Video).MP3"
Nov 07 21:49 : decoder_thread: Unrecognized URI
Nov 07 21:49 : decoder_thread: Unrecognized URI
Nov 07 21:49 : player_thread: played "In Vivo - Moje Leto (ft. BoyanT).mp3"
Nov 07 21:49 : decoder_thread: Unrecognized URI
Nov 07 21:49 : decoder_thread: Unrecognized URI
Nov 07 21:52 : player_thread: played "GOCA TRZAN _ STOPERKA.MP3"
Nov 07 21:57 : player_thread: played "Neda_Ukraden_-_Najbolji_klub_u_gradu_(DEEJAY_SKY_REMIX_2012)_-_www.mp3arhiva.in.mp3"
Nov 07 22:01 : player_thread: played "Alex Mica - Dalinda (Official Video).MP3"
Nov 07 22:05 : player_thread: played "Adil - Od usana do stopala 2011.mpg.mp3"
Nov 07 22:09 : player_thread: played "Suavemente Pitbull featuring Nayer and Mohombi With Lyrics.mp3"
Nov 07 22:13 : player_thread: played "Sean Paul - She Doesn't Mind [Official Music Video].mp3"
Nov 07 22:16 : player_thread: played "Milan Mitrovic - Necu da me starost pita - www.domaci.de.mp3"
Nov 07 22:20 : player_thread: played "Dado Polumenta - Ko zna gdje si [OFFICIAL HQ VIDEO _ SPOT].MP3"
Nov 07 22:25 : player_thread: played "Mike Candys & Evelyn feat. Patrick Miller - One Night In Ibiza (Dirty Club Mix).mp3"
Nov 07 22:26 : avahi: Client Disconnected, will reconnect shortly
Nov 07 22:26 : avahi: Could not reconnect: An unexpected D-Bus error occured
Nov 10 13:23 : player_thread: played "Denial Ahmetovic - Ljubi me po sjecanju.MP3"
Nov 10 13:26 : player_thread: played "Ivana Selakov - Moje ime je sreca.MP3"
Nov 10 13:30 : player_thread: played "Alex Mica - Dalinda (Official Video).MP3"
Nov 10 13:34 : player_thread: played "Claydee - Mamacita Buena (Official Video).MP3"
Nov 10 13:37 : player_thread: played "Seki Turkovic - Sedi malo za moj sto.MP3"
Nov 10 13:41 : player_thread: played "Trile Feat. Sha - Brzi od metka (OFFICIAL HD VIDEO) 2011.mp3"
Nov 10 13:44 : player_thread: played "Ana Bekuta - Imam jedan život (Sava Centar 22.02.2012.).MP3"
Nov 10 13:48 : player_thread: played "Adil - Laku noc (2012) Grand Diet Plus Festival (Live).MP3"
Nov 10 13:51 : player_thread: played "karolina goceva - vise se ne vracas.mp3"
Nov 10 13:55 : player_thread: played "mlaDJa & Big Time feat. Jovan Perisic & Aleksandar Olujic - Harmonika (OFFICIAL VIDEO).MP3"
Nov 10 13:59 : player_thread: played "Mina Kostic & Igor X - Grudi od betona.MP3"
Nov 10 14:04 : player_thread: played "Neda_Ukraden_-_Najbolji_klub_u_gradu_(DEEJAY_SKY_REMIX_2012)_-_www.mp3arhiva.in.mp3"
Nov 10 14:07 : player_thread: played "Tony Ray feat. Gianna - Chica Loca (Official Music Video HD).MP3"
Nov 10 15:16 : player_thread: played "Mike Candys & Evelyn feat. Patrick Miller - One Night In Ibiza (Dirty Club Mix).mp3"
Nov 10 15:20 : player_thread: played "Suavemente Pitbull featuring Nayer and Mohombi With Lyrics.mp3"
Nov 10 15:23 : player_thread: played "GOCA TRZAN _ STOPERKA.MP3"
Nov 10 15:27 : player_thread: played "Morris - Boca Linda (Official Video).MP3"
Nov 10 15:30 : player_thread: played "Milan Mitrovic - Necu da me starost pita - www.domaci.de.mp3"
Nov 10 15:34 : player_thread: played "OK BAND-NASELI NA LJUBAV (Official Music Video).MP3"
Nov 10 15:38 : player_thread: played "Sean Paul - She Doesn't Mind [Official Music Video].mp3"
Nov 10 15:42 : player_thread: played "Dado Polumenta - Ko zna gdje si [OFFICIAL HQ VIDEO _ SPOT].MP3"
Nov 10 15:46 : player_thread: played "In Vivo - Moje Leto (ft. BoyanT).mp3"
Nov 10 16:01 : player_thread: played "♫ DJ Elon Matana - Hits of 2012 Vol 6 ♫ __HD 1080p_ (Tracklist OffiCiaL).MP3"
Nov 10 16:04 : player_thread: played "Gusttavo Lima - Balada Boa (LETRA).mp3"
Nov 10 16:09 : player_thread: played "Adil Maksutović - Sinovi tuge (Zvanični video) [HQ].MP3"
Nov 10 16:12 : player_thread: played "Gru feat. Ajs Nigrutin - I Dalje Me ele (Official Music Video).mp3"
Nov 10 16:16 : decoder_thread: Unrecognized URI
Nov 10 16:16 : decoder_thread: Unrecognized URI
Nov 10 16:16 : player_thread: played "GOCA TRZAN-STRASILO (OFFICIAL VIDEO).MP3"
Nov 10 16:16 : decoder_thread: Unrecognized URI
Nov 10 16:16 : decoder_thread: Unrecognized URI
Nov 10 16:20 : player_thread: played "ADIL - LJUBI ME PO SECANJU - TEKST.mp3"
Nov 10 16:24 : player_thread: played "Maya - Leti Ptico Slobodno [Single 2012.].MP3"
Nov 10 16:29 : player_thread: played "Adil - Od usana do stopala 2011.mpg.mp3"
Nov 10 16:32 : player_thread: played "Far East Movement - Like A G6 ft. The Cataracs, DEV.MP3"
Nov 10 16:36 : player_thread: played "Allexinno & Starchild - Senorita.mp3"
Nov 10 16:39 : player_thread: played "Petar Mitic Gas do daske.mp3"
Nov 10 16:43 : player_thread: played "GOCA TRZAN-STRASILO (OFFICIAL VIDEO).MP3"
Nov 10 16:47 : decoder_thread: Unrecognized URI
Nov 10 16:47 : decoder_thread: Unrecognized URI
Nov 10 16:47 : player_thread: played "ADIL - LJUBI ME PO SECANJU - TEKST.mp3"
Nov 10 16:47 : decoder_thread: Unrecognized URI
Nov 10 16:47 : decoder_thread: Unrecognized URI
Nov 10 16:51 : player_thread: played "OK BAND-NASELI NA LJUBAV (Official Music Video).MP3"
Nov 10 16:54 : player_thread: played "Trile Feat. Sha - Brzi od metka (OFFICIAL HD VIDEO) 2011.mp3"
Nov 10 16:58 : player_thread: played "Alex Mica - Dalinda (Official Video).MP3"
Nov 10 17:03 : player_thread: played "Neda_Ukraden_-_Najbolji_klub_u_gradu_(DEEJAY_SKY_REMIX_2012)_-_www.mp3arhiva.in.mp3"
Nov 10 17:07 : player_thread: played "Claydee - Mamacita Buena (Official Video).MP3"
Nov 10 17:10 : avahi: Client Disconnected, will reconnect shortly
Nov 10 17:10 : avahi: Could not reconnect: An unexpected D-Bus error occured
Nov 11 08:24 : player_thread: played "Adil Maksutović - Sinovi tuge (Zvanični video) [HQ].MP3"
Nov 11 08:28 : player_thread: played "Adil - Od usana do stopala 2011.mpg.mp3"
Nov 11 08:31 : player_thread: played "Gusttavo Lima - Balada Boa (LETRA).mp3"
Nov 11 08:35 : player_thread: played "Milan Mitrovic - Necu da me starost pita - www.domaci.de.mp3"
Nov 11 08:38 : player_thread: played "Adil - Laku noc (2012) Grand Diet Plus Festival (Live).MP3"
Nov 11 08:42 : player_thread: played "Mina Kostic & Igor X - Grudi od betona.MP3"
Nov 11 08:45 : player_thread: played "Trile Feat. Sha - Brzi od metka (OFFICIAL HD VIDEO) 2011.mp3"
Nov 11 08:49 : player_thread: played "Suavemente Pitbull featuring Nayer and Mohombi With Lyrics.mp3"
Nov 11 08:52 : player_thread: played "Tony Ray feat. Gianna - Chica Loca (Official Music Video HD).MP3"
Nov 11 08:55 : player_thread: played "Petar Mitic Gas do daske.mp3"
Nov 11 08:59 : player_thread: played "Ivana Selakov - Moje ime je sreca.MP3"
Nov 11 09:14 : player_thread: played "♫ DJ Elon Matana - Hits of 2012 Vol 6 ♫ __HD 1080p_ (Tracklist OffiCiaL).MP3"
Nov 11 09:17 : player_thread: played "Far East Movement - Like A G6 ft. The Cataracs, DEV.MP3"
Nov 11 09:22 : player_thread: played "Mike Candys & Evelyn feat. Patrick Miller - One Night In Ibiza (Dirty Club Mix).mp3"
Nov 11 09:26 : player_thread: played "GOCA TRZAN-STRASILO (OFFICIAL VIDEO).MP3"
Nov 11 09:30 : player_thread: played "karolina goceva - vise se ne vracas.mp3"
Nov 11 09:33 : player_thread: played "In Vivo - Moje Leto (ft. BoyanT).mp3"
Nov 11 09:37 : player_thread: played "mlaDJa & Big Time feat. Jovan Perisic & Aleksandar Olujic - Harmonika (OFFICIAL VIDEO).MP3"
Nov 11 09:41 : player_thread: played "OK BAND-NASELI NA LJUBAV (Official Music Video).MP3"
Nov 11 10:29 : avahi: Client Disconnected, will reconnect shortly
Nov 11 10:29 : avahi: Could not reconnect: An unexpected D-Bus error occured
Nov 11 17:55 : player_thread: played "Ivana Selakov - Moje ime je sreca.MP3"
Nov 11 17:58 : player_thread: played "Mina Kostic & Igor X - Grudi od betona.MP3"
Nov 11 18:03 : player_thread: played "Dado Polumenta - Ko zna gdje si [OFFICIAL HQ VIDEO _ SPOT].MP3"
Nov 11 18:07 : player_thread: played "Adil - Laku noc (2012) Grand Diet Plus Festival (Live).MP3"
Nov 11 18:11 : player_thread: played "Sean Paul - She Doesn't Mind [Official Music Video].mp3"
Nov 11 18:14 : player_thread: played "Milan Mitrovic - Necu da me starost pita - www.domaci.de.mp3"
Nov 11 18:29 : player_thread: played "♫ DJ Elon Matana - Hits of 2012 Vol 6 ♫ __HD 1080p_ (Tracklist OffiCiaL).MP3"
Nov 11 18:32 : player_thread: played "Alex Mica - Dalinda (Official Video).MP3"
Nov 11 18:36 : player_thread: played "Ana Bekuta - Imam jedan život (Sava Centar 22.02.2012.).MP3"
Nov 11 18:39 : player_thread: played "Mina Kostic & Igor X - Grudi od betona.MP3"
Nov 11 18:43 : player_thread: played "Allexinno & Starchild - Senorita.mp3"
Nov 11 18:48 : player_thread: played "Neda_Ukraden_-_Najbolji_klub_u_gradu_(DEEJAY_SKY_REMIX_2012)_-_www.mp3arhiva.in.mp3"
Nov 11 18:52 : player_thread: played "Adil - Laku noc (2012) Grand Diet Plus Festival (Live).MP3"
Nov 11 18:56 : player_thread: played "Dado Polumenta - Ko zna gdje si [OFFICIAL HQ VIDEO _ SPOT].MP3"
Nov 11 19:00 : player_thread: played "Ivana Selakov - Moje ime je sreca.MP3"
Nov 11 19:03 : player_thread: played "Milan Mitrovic - Necu da me starost pita - www.domaci.de.mp3"
Nov 11 19:06 : player_thread: played "Tony Ray feat. Gianna - Chica Loca (Official Music Video HD).MP3"
Nov 11 19:09 : player_thread: played "karolina goceva - vise se ne vracas.mp3"
Nov 11 19:12 : player_thread: played "Gusttavo Lima - Balada Boa (LETRA).mp3"
Nov 11 19:17 : player_thread: played "Adil Maksutović - Sinovi tuge (Zvanični video) [HQ].MP3"
Nov 11 19:21 : avahi: Client Disconnected, will reconnect shortly
Nov 11 19:21 : avahi: Could not reconnect: An unexpected D-Bus error occured
Nov 13 21:39 : player_thread: played "OK BAND-NASELI NA LJUBAV (Official Music Video).MP3"
Nov 13 21:54 : player_thread: played "♫ DJ Elon Matana - Hits of 2012 Vol 6 ♫ __HD 1080p_ (Tracklist OffiCiaL).MP3"
Nov 13 21:57 : player_thread: played "Trile Feat. Sha - Brzi od metka (OFFICIAL HD VIDEO) 2011.mp3"
Nov 13 22:01 : player_thread: played "Claydee - Mamacita Buena (Official Video).MP3"
Nov 13 22:04 : player_thread: played "Ivana Selakov - Moje ime je sreca.MP3"
Nov 13 22:08 : player_thread: played "GOCA TRZAN-STRASILO (OFFICIAL VIDEO).MP3"
Nov 13 22:11 : player_thread: played "Denial Ahmetovic - Ljubi me po sjecanju.MP3"
Nov 13 22:14 : player_thread: played "In Vivo - Moje Leto (ft. BoyanT).mp3"
Nov 13 22:17 : decoder_thread: Unrecognized URI
Nov 13 22:17 : decoder_thread: Unrecognized URI
Nov 13 22:18 : player_thread: played "karolina goceva - vise se ne vracas.mp3"
Nov 13 22:18 : decoder_thread: Unrecognized URI
Nov 13 22:18 : decoder_thread: Unrecognized URI
Nov 13 22:21 : player_thread: played "Morris - Boca Linda (Official Video).MP3"
Nov 13 22:24 : player_thread: played "Alex Mica - Dalinda (Official Video).MP3"
Nov 13 22:30 : player_thread: played "Neda_Ukraden_-_Najbolji_klub_u_gradu_(DEEJAY_SKY_REMIX_2012)_-_www.mp3arhiva.in.mp3"
Nov 13 22:34 : player_thread: played "Dado Polumenta - Ko zna gdje si [OFFICIAL HQ VIDEO _ SPOT].MP3"
Nov 13 22:38 : player_thread: played "ADIL - LJUBI ME PO SECANJU - TEKST.mp3"
Nov 13 22:41 : player_thread: played "Milan Mitrovic - Necu da me starost pita - www.domaci.de.mp3"
Nov 13 22:46 : player_thread: played "Mike Candys & Evelyn feat. Patrick Miller - One Night In Ibiza (Dirty Club Mix).mp3"
Nov 13 22:50 : player_thread: played "Sean Paul - She Doesn't Mind [Official Music Video].mp3"
Nov 13 22:54 : player_thread: played "Gru feat. Ajs Nigrutin - I Dalje Me ele (Official Music Video).mp3"
Nov 13 22:59 : player_thread: played "Adil Maksutović - Sinovi tuge (Zvanični video) [HQ].MP3"
Nov 13 23:03 : player_thread: played "Suavemente Pitbull featuring Nayer and Mohombi With Lyrics.mp3"
Nov 13 23:06 : player_thread: played "Maya - Leti Ptico Slobodno [Single 2012.].MP3"
Nov 13 23:10 : player_thread: played "Allexinno & Starchild - Senorita.mp3"
Nov 13 23:12 : avahi: Client Disconnected, will reconnect shortly
Nov 13 23:12 : avahi: Could not reconnect: An unexpected D-Bus error occured
Nov 14 21:23 : avahi: Client Disconnected, will reconnect shortly
Nov 14 21:23 : avahi: Could not reconnect: Daemon not running
Nov 15 19:13 : avahi: Client Disconnected, will reconnect shortly
Nov 15 19:13 : avahi: Could not reconnect: An unexpected D-Bus error occured
Nov 17 08:43 : player_thread: played "Denial Ahmetovic - Ljubi me po sjecanju.MP3"
Nov 17 08:46 : player_thread: played "GOCA TRZAN _ STOPERKA.MP3"
Nov 17 08:50 : player_thread: played "mlaDJa & Big Time feat. Jovan Perisic & Aleksandar Olujic - Harmonika (OFFICIAL VIDEO).MP3"
Nov 17 08:56 : player_thread: played "Neda_Ukraden_-_Najbolji_klub_u_gradu_(DEEJAY_SKY_REMIX_2012)_-_www.mp3arhiva.in.mp3"
Nov 17 09:00 : player_thread: played "Dado Polumenta - Ko zna gdje si [OFFICIAL HQ VIDEO _ SPOT].MP3"
Nov 17 09:03 : player_thread: played "Tony Ray feat. Gianna - Chica Loca (Official Music Video HD).MP3"
Nov 17 09:06 : decoder_thread: Unrecognized URI
Nov 17 09:06 : decoder_thread: Unrecognized URI
Nov 17 09:06 : player_thread: played "Morris - Boca Linda (Official Video).MP3"
Nov 17 09:06 : decoder_thread: Unrecognized URI
Nov 17 09:06 : decoder_thread: Unrecognized URI
Nov 17 09:10 : player_thread: played "Milan Mitrovic - Necu da me starost pita - www.domaci.de.mp3"
Nov 17 09:14 : player_thread: played "GOCA TRZAN-STRASILO (OFFICIAL VIDEO).MP3"
Nov 17 09:17 : player_thread: played "Gusttavo Lima - Balada Boa (LETRA).mp3"
Nov 17 09:21 : player_thread: played "Far East Movement - Like A G6 ft. The Cataracs, DEV.MP3"
Nov 17 09:26 : player_thread: played "Milan Mitrovic - Necu da me starost pita - www.domaci.de.mp3"
Nov 17 09:43 : avahi: Client Disconnected, will reconnect shortly
Nov 17 09:43 : avahi: Could not reconnect: An unexpected D-Bus error occured
Nov 17 12:05 : avahi: Client Disconnected, will reconnect shortly
Nov 17 12:05 : avahi: Could not reconnect: An unexpected D-Bus error occured
Nov 17 12:45 : player_thread: played "Maya - Leti Ptico Slobodno [Single 2012.].MP3"
Nov 17 12:49 : player_thread: played "Seki Turkovic - Sedi malo za moj sto.MP3"
Nov 17 14:25 : avahi: Client Disconnected, will reconnect shortly
Nov 17 14:25 : avahi: Could not reconnect: An unexpected D-Bus error occured
Nov 17 17:58 : removing Gym Class Heroes: Stereo Hearts ft. Adam Levine [OFFICIAL VIDEO].mp3
Nov 17 17:58 : updating /Mike Candys & Evelyn feat. Patrick Miller - One Night In Ibiza (Dirty Club Mix).mp3
Nov 17 17:58 : updating /Allexinno & Starchild - Senorita.mp3
Nov 17 17:58 : updating /Mina Kostic & Igor X - Grudi od betona.MP3
Nov 17 17:58 : updating /Milan Mitrovic - Necu da me starost pita - www.domaci.de.mp3
Nov 17 17:58 : updating /Tony Ray feat. Gianna - Chica Loca (Official Music Video HD).MP3
Nov 17 17:58 : updating /ADIL - LJUBI ME PO SECANJU - TEKST.mp3
Nov 17 17:58 : updating /Seki Turkovic - Sedi malo za moj sto.MP3
Nov 17 17:58 : updating /Ana Bekuta - Imam jedan život (Sava Centar 22.02.2012.).MP3
Nov 17 17:58 : updating /Alex Mica - Dalinda (Official Video).MP3
Nov 17 17:58 : updating /Gru feat. Ajs Nigrutin - I Dalje Me ele (Official Music Video).mp3
Nov 17 17:58 : updating /Trile Feat. Sha - Brzi od metka (OFFICIAL HD VIDEO) 2011.mp3
Nov 17 17:58 : updating /Far East Movement - Like A G6 ft. The Cataracs, DEV.MP3
Nov 17 17:58 : updating /GOCA TRZAN _ STOPERKA.MP3
Nov 17 20:09 : avahi: Client Disconnected, will reconnect shortly
Nov 17 20:09 : avahi: Could not reconnect: An unexpected D-Bus error occured
Nov 18 08:24 : player_thread: played "Claydee - Mamacita Buena (Official Video).MP3"
Nov 18 08:28 : player_thread: played "Sean Paul - She Doesn't Mind [Official Music Video].mp3"
Nov 18 08:34 : player_thread: played "Neda_Ukraden_-_Najbolji_klub_u_gradu_(DEEJAY_SKY_REMIX_2012)_-_www.mp3arhiva.in.mp3"
Nov 18 08:37 : player_thread: played "karolina goceva - vise se ne vracas.mp3"
Nov 18 08:41 : player_thread: played "Suavemente Pitbull featuring Nayer and Mohombi With Lyrics.mp3"
Nov 18 08:44 : player_thread: played "Tony Ray feat. Gianna - Chica Loca (Official Music Video HD).MP3"
Nov 18 09:04 : player_thread: played "Suavemente Pitbull featuring Nayer and Mohombi With Lyrics.mp3"
Nov 18 09:08 : player_thread: played "Tony Ray feat. Gianna - Chica Loca (Official Music Video HD).MP3"
Nov 18 09:11 : player_thread: played "Alex Mica - Dalinda (Official Video).MP3"
Nov 18 09:15 : player_thread: played "Gru feat. Ajs Nigrutin - I Dalje Me ele (Official Music Video).mp3"
Nov 18 09:19 : player_thread: played "In Vivo - Moje Leto (ft. BoyanT).mp3"
Nov 18 09:23 : player_thread: played "Sean Paul - She Doesn't Mind [Official Music Video].mp3"
Nov 18 09:26 : player_thread: played "Adil - Laku noc (2012) Grand Diet Plus Festival (Live).MP3"
Nov 18 09:30 : player_thread: played "Trile Feat. Sha - Brzi od metka (OFFICIAL HD VIDEO) 2011.mp3"
Nov 18 09:34 : player_thread: played "Adil - Od usana do stopala 2011.mpg.mp3"
Nov 18 09:37 : player_thread: played "Milan Mitrovic - Necu da me starost pita - www.domaci.de.mp3"
Nov 18 09:41 : player_thread: played "Mina Kostic & Igor X - Grudi od betona.MP3"
Nov 18 09:45 : player_thread: played "Gru feat. Ajs Nigrutin - I Dalje Me ele (Official Music Video).mp3"
Nov 18 09:48 : player_thread: played "Allexinno & Starchild - Senorita.mp3"
Nov 18 09:52 : player_thread: played "Maya - Leti Ptico Slobodno [Single 2012.].MP3"
Nov 18 09:57 : player_thread: played "Sean Paul - She Doesn't Mind [Official Music Video].mp3"
Nov 18 10:01 : player_thread: played "GOCA TRZAN-STRASILO (OFFICIAL VIDEO).MP3"
Nov 18 10:06 : player_thread: played "Adil - Od usana do stopala 2011.mpg.mp3"
Nov 18 10:09 : player_thread: played "Milan Mitrovic - Necu da me starost pita - www.domaci.de.mp3"
Nov 18 10:13 : player_thread: played "ADIL - LJUBI ME PO SECANJU - TEKST.mp3"
Nov 18 10:17 : player_thread: played "Adil - Od usana do stopala 2011.mpg.mp3"
Nov 18 10:21 : player_thread: played "Seki Turkovic - Sedi malo za moj sto.MP3"
Nov 18 10:25 : player_thread: played "Adil - Laku noc (2012) Grand Diet Plus Festival (Live).MP3"
Nov 18 10:28 : player_thread: played "Alex Mica - Dalinda (Official Video).MP3"
Nov 18 10:39 : player_thread: played "Far East Movement - Like A G6 ft. The Cataracs, DEV.MP3"
Nov 18 10:57 : avahi: Client Disconnected, will reconnect shortly
Nov 18 10:57 : avahi: Could not reconnect: An unexpected D-Bus error occured
Nov 18 11:43 : player_thread: played "Mike Candys & Evelyn feat. Patrick Miller - One Night In Ibiza (Dirty Club Mix).mp3"
Nov 18 11:59 : player_thread: played "karolina goceva - vise se ne vracas.mp3"
Nov 18 12:03 : player_thread: played "Allexinno & Starchild - Senorita.mp3"
Nov 18 12:18 : player_thread: played "♫ DJ Elon Matana - Hits of 2012 Vol 6 ♫ __HD 1080p_ (Tracklist OffiCiaL).MP3"
Nov 18 12:21 : player_thread: played "Maya - Leti Ptico Slobodno [Single 2012.].MP3"
Nov 18 12:25 : player_thread: played "Ana Bekuta - Imam jedan život (Sava Centar 22.02.2012.).MP3"
Nov 18 13:23 : avahi: Client Disconnected, will reconnect shortly
Nov 18 13:23 : avahi: Could not reconnect: An unexpected D-Bus error occured
Nov 18 14:20 : player_thread: played "OK BAND-NASELI NA LJUBAV (Official Music Video).MP3"
Nov 18 14:22 : player_thread: played "Denial Ahmetovic - Ljubi me po sjecanju.MP3"
Nov 18 14:26 : player_thread: played "In Vivo - Moje Leto (ft. BoyanT).mp3"
Nov 18 14:30 : player_thread: played "Sean Paul - She Doesn't Mind [Official Music Video].mp3"
Nov 18 14:33 : player_thread: played "Morris - Boca Linda (Official Video).MP3"
Nov 18 14:37 : player_thread: played "Trile Feat. Sha - Brzi od metka (OFFICIAL HD VIDEO) 2011.mp3"
Nov 18 14:40 : player_thread: played "Seki Turkovic - Sedi malo za moj sto.MP3"
Nov 18 14:44 : player_thread: played "Claydee - Mamacita Buena (Official Video).MP3"
Nov 18 14:48 : player_thread: played "ADIL - LJUBI ME PO SECANJU - TEKST.mp3"
Nov 18 14:54 : player_thread: played "Neda_Ukraden_-_Najbolji_klub_u_gradu_(DEEJAY_SKY_REMIX_2012)_-_www.mp3arhiva.in.mp3"
Nov 18 14:57 : player_thread: played "GOCA TRZAN _ STOPERKA.MP3"
Nov 18 15:00 : player_thread: played "Mina Kostic & Igor X - Grudi od betona.MP3"
Nov 18 15:04 : player_thread: played "Ivana Selakov - Moje ime je sreca.MP3"
Nov 18 15:08 : player_thread: played "Maya - Leti Ptico Slobodno [Single 2012.].MP3"
Nov 18 15:11 : player_thread: played "Adil - Laku noc (2012) Grand Diet Plus Festival (Live).MP3"
Nov 18 15:17 : player_thread: played "Neda_Ukraden_-_Najbolji_klub_u_gradu_(DEEJAY_SKY_REMIX_2012)_-_www.mp3arhiva.in.mp3"
Nov 18 15:20 : player_thread: played "Milan Mitrovic - Necu da me starost pita - www.domaci.de.mp3"
Nov 18 16:16 : avahi: Client Disconnected, will reconnect shortly
Nov 18 16:16 : avahi: Could not reconnect: An unexpected D-Bus error occured
Nov 18 20:42 : player_thread: played "OK BAND-NASELI NA LJUBAV (Official Music Video).MP3"
Nov 18 20:46 : player_thread: played "Gru feat. Ajs Nigrutin - I Dalje Me ele (Official Music Video).mp3"
Nov 18 20:50 : player_thread: played "In Vivo - Moje Leto (ft. BoyanT).mp3"
Nov 18 20:54 : player_thread: played "Adil - Od usana do stopala 2011.mpg.mp3"
Nov 18 20:58 : player_thread: played "mlaDJa & Big Time feat. Jovan Perisic & Aleksandar Olujic - Harmonika (OFFICIAL VIDEO).MP3"
Nov 18 21:02 : player_thread: played "Claydee - Mamacita Buena (Official Video).MP3"
Nov 18 21:05 : player_thread: played "Gusttavo Lima - Balada Boa (LETRA).mp3"
Nov 18 21:09 : player_thread: played "Adil - Laku noc (2012) Grand Diet Plus Festival (Live).MP3"
Nov 18 21:13 : player_thread: played "GOCA TRZAN-STRASILO (OFFICIAL VIDEO).MP3"
Nov 18 21:20 : avahi: Client Disconnected, will reconnect shortly
Nov 18 21:20 : avahi: Could not reconnect: An unexpected D-Bus error occured
Nov 19 17:59 : player_thread: played "Neda_Ukraden_-_Najbolji_klub_u_gradu_(DEEJAY_SKY_REMIX_2012)_-_www.mp3arhiva.in.mp3"
Nov 19 18:03 : player_thread: played "Seki Turkovic - Sedi malo za moj sto.MP3"
Nov 19 18:06 : player_thread: played "Allexinno & Starchild - Senorita.mp3"
Nov 19 18:11 : player_thread: played "Adil - Od usana do stopala 2011.mpg.mp3"
Nov 19 18:15 : player_thread: played "Adil Maksutović - Sinovi tuge (Zvanični video) [HQ].MP3"
Nov 19 18:19 : player_thread: played "Claydee - Mamacita Buena (Official Video).MP3"
Nov 19 18:23 : player_thread: played "GOCA TRZAN-STRASILO (OFFICIAL VIDEO).MP3"
Nov 19 18:27 : player_thread: played "Ivana Selakov - Moje ime je sreca.MP3"
Nov 19 18:31 : player_thread: played "ADIL - LJUBI ME PO SECANJU - TEKST.mp3"
Nov 19 18:35 : player_thread: played "Gru feat. Ajs Nigrutin - I Dalje Me ele (Official Music Video).mp3"
Nov 19 18:38 : player_thread: played "Suavemente Pitbull featuring Nayer and Mohombi With Lyrics.mp3"
Nov 19 18:58 : player_thread: played "Gusttavo Lima - Balada Boa (LETRA).mp3"
Nov 19 19:02 : player_thread: played "Allexinno & Starchild - Senorita.mp3"
Nov 19 19:17 : player_thread: played "♫ DJ Elon Matana - Hits of 2012 Vol 6 ♫ __HD 1080p_ (Tracklist OffiCiaL).MP3"
Nov 19 19:19 : player_thread: played "Denial Ahmetovic - Ljubi me po sjecanju.MP3"
Nov 19 19:22 : player_thread: played "Morris - Boca Linda (Official Video).MP3"
Nov 19 20:01 : avahi: Client Disconnected, will reconnect shortly
Nov 19 20:01 : avahi: Could not reconnect: An unexpected D-Bus error occured
Nov 20 17:06 : player_thread: played "Allexinno & Starchild - Senorita.mp3"
Nov 20 17:17 : player_thread: played "Trile Feat. Sha - Brzi od metka (OFFICIAL HD VIDEO) 2011.mp3"
Nov 20 17:20 : player_thread: played "Gusttavo Lima - Balada Boa (LETRA).mp3"
Nov 20 17:27 : player_thread: played "Tony Ray feat. Gianna - Chica Loca (Official Music Video HD).MP3"
Nov 20 17:32 : player_thread: played "Adil Maksutović - Sinovi tuge (Zvanični video) [HQ].MP3"
Nov 20 17:35 : player_thread: played "Milan Mitrovic - Necu da me starost pita - www.domaci.de.mp3"
Nov 20 17:38 : player_thread: played "Trile Feat. Sha - Brzi od metka (OFFICIAL HD VIDEO) 2011.mp3"
Nov 20 21:40 : avahi: Client Disconnected, will reconnect shortly
Nov 20 21:40 : avahi: Could not reconnect: An unexpected D-Bus error occured
Nov 22 19:50 : player_thread: played "Trile Feat. Sha - Brzi od metka (OFFICIAL HD VIDEO) 2011.mp3"
Nov 22 19:53 : player_thread: played "Tony Ray feat. Gianna - Chica Loca (Official Music Video HD).MP3"
Nov 22 22:26 : avahi: Client Disconnected, will reconnect shortly
Nov 22 22:26 : avahi: Could not reconnect: Daemon not running
Nov 24 21:11 : player_thread: played "Suavemente Pitbull featuring Nayer and Mohombi With Lyrics.mp3"
Nov 24 21:13 : player_thread: played "Denial Ahmetovic - Ljubi me po sjecanju.MP3"
Nov 24 21:17 : player_thread: played "mlaDJa & Big Time feat. Jovan Perisic & Aleksandar Olujic - Harmonika (OFFICIAL VIDEO).MP3"
Nov 24 21:21 : player_thread: played "Claydee - Mamacita Buena (Official Video).MP3"
Nov 24 21:22 : avahi: Client Disconnected, will reconnect shortly
Nov 24 21:22 : avahi: Could not reconnect: An unexpected D-Bus error occured
Nov 25 08:35 : player_thread: played "mlaDJa & Big Time feat. Jovan Perisic & Aleksandar Olujic - Harmonika (OFFICIAL VIDEO).MP3"
Nov 25 08:38 : player_thread: played "Adil - Laku noc (2012) Grand Diet Plus Festival (Live).MP3"
Nov 25 08:41 : player_thread: played "Petar Mitic Gas do daske.mp3"
Nov 25 08:46 : player_thread: played "Adil - Od usana do stopala 2011.mpg.mp3"
Nov 25 08:51 : player_thread: played "Neda_Ukraden_-_Najbolji_klub_u_gradu_(DEEJAY_SKY_REMIX_2012)_-_www.mp3arhiva.in.mp3"
Nov 25 08:53 : player_thread: played "Denial Ahmetovic - Ljubi me po sjecanju.MP3"
Nov 25 08:57 : player_thread: played "ADIL - LJUBI ME PO SECANJU - TEKST.mp3"
Nov 25 09:01 : player_thread: played "Claydee - Mamacita Buena (Official Video).MP3"
Nov 25 09:05 : player_thread: played "ADIL - LJUBI ME PO SECANJU - TEKST.mp3"
Nov 25 09:08 : player_thread: played "Milan Mitrovic - Necu da me starost pita - www.domaci.de.mp3"
Nov 25 09:13 : player_thread: played "Adil Maksutović - Sinovi tuge (Zvanični video) [HQ].MP3"
Nov 25 09:16 : player_thread: played "Ana Bekuta - Imam jedan život (Sava Centar 22.02.2012.).MP3"
Nov 25 09:19 : player_thread: played "Milan Mitrovic - Necu da me starost pita - www.domaci.de.mp3"
Nov 25 09:24 : player_thread: played "Dado Polumenta - Ko zna gdje si [OFFICIAL HQ VIDEO _ SPOT].MP3"
Nov 25 09:39 : player_thread: played "♫ DJ Elon Matana - Hits of 2012 Vol 6 ♫ __HD 1080p_ (Tracklist OffiCiaL).MP3"
Nov 25 09:43 : player_thread: played "Sean Paul - She Doesn't Mind [Official Music Video].mp3"
Nov 25 09:48 : player_thread: played "Mike Candys & Evelyn feat. Patrick Miller - One Night In Ibiza (Dirty Club Mix).mp3"
Nov 25 09:52 : player_thread: played "Allexinno & Starchild - Senorita.mp3"
Nov 25 09:55 : player_thread: played "Trile Feat. Sha - Brzi od metka (OFFICIAL HD VIDEO) 2011.mp3"
Nov 25 09:59 : player_thread: played "OK BAND-NASELI NA LJUBAV (Official Music Video).MP3"
Nov 25 10:03 : player_thread: played "Suavemente Pitbull featuring Nayer and Mohombi With Lyrics.mp3"
Nov 25 10:06 : player_thread: played "Maya - Leti Ptico Slobodno [Single 2012.].MP3"
Nov 25 10:10 : player_thread: played "In Vivo - Moje Leto (ft. BoyanT).mp3"
Nov 25 10:25 : player_thread: played "♫ DJ Elon Matana - Hits of 2012 Vol 6 ♫ __HD 1080p_ (Tracklist OffiCiaL).MP3"
Nov 25 10:29 : player_thread: played "Far East Movement - Like A G6 ft. The Cataracs, DEV.MP3"
Nov 25 10:31 : player_thread: played "Denial Ahmetovic - Ljubi me po sjecanju.MP3"
Nov 25 10:35 : player_thread: played "Seki Turkovic - Sedi malo za moj sto.MP3"
Nov 25 10:38 : player_thread: played "Allexinno & Starchild - Senorita.mp3"
Nov 25 10:42 : player_thread: played "Adil - Laku noc (2012) Grand Diet Plus Festival (Live).MP3"
Nov 25 10:45 : player_thread: played "Ivana Selakov - Moje ime je sreca.MP3"
Nov 25 10:49 : player_thread: played "Claydee - Mamacita Buena (Official Video).MP3"
Nov 25 10:53 : player_thread: played "In Vivo - Moje Leto (ft. BoyanT).mp3"
Nov 25 10:56 : player_thread: played "Morris - Boca Linda (Official Video).MP3"
Nov 25 11:01 : player_thread: played "Dado Polumenta - Ko zna gdje si [OFFICIAL HQ VIDEO _ SPOT].MP3"
Nov 25 11:04 : player_thread: played "Gusttavo Lima - Balada Boa (LETRA).mp3"
Nov 25 11:07 : player_thread: played "Mina Kostic & Igor X - Grudi od betona.MP3"
Nov 25 11:11 : player_thread: played "Far East Movement - Like A G6 ft. The Cataracs, DEV.MP3"
Nov 25 11:15 : player_thread: played "Maya - Leti Ptico Slobodno [Single 2012.].MP3"
Nov 25 11:18 : player_thread: played "Alex Mica - Dalinda (Official Video).MP3"
Nov 25 11:22 : player_thread: played "Seki Turkovic - Sedi malo za moj sto.MP3"
Nov 25 11:27 : player_thread: played "Adil Maksutović - Sinovi tuge (Zvanični video) [HQ].MP3"
Nov 25 11:30 : player_thread: played "Morris - Boca Linda (Official Video).MP3"
Nov 25 11:33 : player_thread: played "Tony Ray feat. Gianna - Chica Loca (Official Music Video HD).MP3"
Nov 25 11:36 : player_thread: played "Ana Bekuta - Imam jedan život (Sava Centar 22.02.2012.).MP3"
Nov 25 11:40 : player_thread: played "GOCA TRZAN _ STOPERKA.MP3"
Nov 25 11:43 : player_thread: played "Trile Feat. Sha - Brzi od metka (OFFICIAL HD VIDEO) 2011.mp3"
Nov 25 11:46 : player_thread: played "GOCA TRZAN _ STOPERKA.MP3"
Nov 25 11:50 : player_thread: played "Sean Paul - She Doesn't Mind [Official Music Video].mp3"
Nov 25 11:54 : player_thread: played "Suavemente Pitbull featuring Nayer and Mohombi With Lyrics.mp3"
Nov 25 11:58 : player_thread: played "GOCA TRZAN-STRASILO (OFFICIAL VIDEO).MP3"
Nov 25 12:02 : player_thread: played "Gru feat. Ajs Nigrutin - I Dalje Me ele (Official Music Video).mp3"
Nov 25 12:05 : player_thread: played "Gru feat. Ajs Nigrutin - I Dalje Me ele (Official Music Video).mp3"
Nov 25 12:09 : player_thread: played "karolina goceva - vise se ne vracas.mp3"
Nov 25 12:12 : player_thread: played "Tony Ray feat. Gianna - Chica Loca (Official Music Video HD).MP3"
Nov 25 12:15 : player_thread: played "Petar Mitic Gas do daske.mp3"
Nov 25 12:47 : player_thread: played "OK BAND-NASELI NA LJUBAV (Official Music Video).MP3"
Nov 25 12:51 : player_thread: played "Seki Turkovic - Sedi malo za moj sto.MP3"
Nov 25 12:54 : player_thread: played "Morris - Boca Linda (Official Video).MP3"
Nov 25 12:59 : player_thread: played "Mike Candys & Evelyn feat. Patrick Miller - One Night In Ibiza (Dirty Club Mix).mp3"
Nov 25 13:04 : player_thread: played "Mike Candys & Evelyn feat. Patrick Miller - One Night In Ibiza (Dirty Club Mix).mp3"
Nov 25 13:06 : player_thread: played "Denial Ahmetovic - Ljubi me po sjecanju.MP3"
Nov 25 13:10 : player_thread: played "Allexinno & Starchild - Senorita.mp3"
Nov 25 13:13 : player_thread: played "Morris - Boca Linda (Official Video).MP3"
Nov 25 13:19 : player_thread: played "Neda_Ukraden_-_Najbolji_klub_u_gradu_(DEEJAY_SKY_REMIX_2012)_-_www.mp3arhiva.in.mp3"
Nov 25 13:22 : player_thread: played "Ana Bekuta - Imam jedan život (Sava Centar 22.02.2012.).MP3"
Nov 25 13:26 : player_thread: played "mlaDJa & Big Time feat. Jovan Perisic & Aleksandar Olujic - Harmonika (OFFICIAL VIDEO).MP3"
Nov 25 13:30 : player_thread: played "Maya - Leti Ptico Slobodno [Single 2012.].MP3"
Nov 25 13:33 : player_thread: played "Gru feat. Ajs Nigrutin - I Dalje Me ele (Official Music Video).mp3"
Nov 25 13:36 : player_thread: played "Milan Mitrovic - Necu da me starost pita - www.domaci.de.mp3"
Nov 25 13:40 : player_thread: played "Trile Feat. Sha - Brzi od metka (OFFICIAL HD VIDEO) 2011.mp3"
Nov 25 13:44 : player_thread: played "GOCA TRZAN-STRASILO (OFFICIAL VIDEO).MP3"
Nov 25 13:47 : player_thread: played "In Vivo - Moje Leto (ft. BoyanT).mp3"
Nov 25 13:51 : player_thread: played "Suavemente Pitbull featuring Nayer and Mohombi With Lyrics.mp3"
Nov 25 13:55 : player_thread: played "Seki Turkovic - Sedi malo za moj sto.MP3"
Nov 25 13:59 : player_thread: played "Far East Movement - Like A G6 ft. The Cataracs, DEV.MP3"
Nov 25 14:03 : player_thread: played "Sean Paul - She Doesn't Mind [Official Music Video].mp3"
Nov 25 14:06 : player_thread: played "Milan Mitrovic - Necu da me starost pita - www.domaci.de.mp3"
Nov 25 19:23 : avahi: Client Disconnected, will reconnect shortly
Nov 25 19:23 : avahi: Could not reconnect: An unexpected D-Bus error occured
Nov 26 21:18 : player_thread: played "In Vivo - Moje Leto (ft. BoyanT).mp3"
Nov 26 21:21 : player_thread: played "GOCA TRZAN _ STOPERKA.MP3"
Nov 26 21:25 : player_thread: played "Mina Kostic & Igor X - Grudi od betona.MP3"
Nov 26 21:29 : player_thread: played "GOCA TRZAN-STRASILO (OFFICIAL VIDEO).MP3"
Nov 26 21:32 : player_thread: played "Maya - Leti Ptico Slobodno [Single 2012.].MP3"
Nov 26 21:36 : player_thread: played "Claydee - Mamacita Buena (Official Video).MP3"
Nov 26 21:38 : player_thread: played "Denial Ahmetovic - Ljubi me po sjecanju.MP3"
Nov 26 21:42 : player_thread: played "Sean Paul - She Doesn't Mind [Official Music Video].mp3"
Nov 26 21:46 : player_thread: played "OK BAND-NASELI NA LJUBAV (Official Music Video).MP3"
Nov 26 21:51 : player_thread: played "Adil - Od usana do stopala 2011.mpg.mp3"
Nov 26 21:54 : player_thread: played "Gusttavo Lima - Balada Boa (LETRA).mp3"
Nov 26 21:58 : player_thread: played "Far East Movement - Like A G6 ft. The Cataracs, DEV.MP3"
Nov 26 22:01 : player_thread: played "Trile Feat. Sha - Brzi od metka (OFFICIAL HD VIDEO) 2011.mp3"
Nov 26 22:05 : player_thread: played "ADIL - LJUBI ME PO SECANJU - TEKST.mp3"
Nov 26 22:11 : avahi: Client Disconnected, will reconnect shortly
Nov 26 22:11 : avahi: Could not reconnect: An unexpected D-Bus error occured
Nov 27 16:52 : player_thread: played "In Vivo - Moje Leto (ft. BoyanT).mp3"
Nov 27 16:56 : player_thread: played "OK BAND-NASELI NA LJUBAV (Official Music Video).MP3"
Nov 27 16:59 : player_thread: played "Milan Mitrovic - Necu da me starost pita - www.domaci.de.mp3"
Nov 27 17:02 : player_thread: played "Petar Mitic Gas do daske.mp3"
Nov 27 17:06 : player_thread: played "GOCA TRZAN-STRASILO (OFFICIAL VIDEO).MP3"
Nov 27 17:11 : player_thread: played "Adil Maksutović - Sinovi tuge (Zvanični video) [HQ].MP3"
Nov 27 17:15 : player_thread: played "Suavemente Pitbull featuring Nayer and Mohombi With Lyrics.mp3"
Nov 27 17:19 : player_thread: played "Sean Paul - She Doesn't Mind [Official Music Video].mp3"
Nov 27 17:23 : player_thread: played "Sean Paul - She Doesn't Mind [Official Music Video].mp3"
Nov 27 17:27 : player_thread: played "Far East Movement - Like A G6 ft. The Cataracs, DEV.MP3"
Nov 27 17:30 : player_thread: played "Morris - Boca Linda (Official Video).MP3"
Nov 27 17:33 : player_thread: played "Tony Ray feat. Gianna - Chica Loca (Official Music Video HD).MP3"
Nov 27 17:36 : player_thread: played "Alex Mica - Dalinda (Official Video).MP3"
Nov 27 17:39 : player_thread: played "GOCA TRZAN _ STOPERKA.MP3"
Nov 27 17:45 : player_thread: played "Mike Candys & Evelyn feat. Patrick Miller - One Night In Ibiza (Dirty Club Mix).mp3"
Nov 27 17:48 : player_thread: played "Seki Turkovic - Sedi malo za moj sto.MP3"
Nov 27 17:53 : player_thread: played "Adil Maksutović - Sinovi tuge (Zvanični video) [HQ].MP3"
Nov 27 17:57 : player_thread: played "Adil - Od usana do stopala 2011.mpg.mp3"
Nov 27 18:03 : player_thread: played "Neda_Ukraden_-_Najbolji_klub_u_gradu_(DEEJAY_SKY_REMIX_2012)_-_www.mp3arhiva.in.mp3"
Nov 27 18:07 : player_thread: played "mlaDJa & Big Time feat. Jovan Perisic & Aleksandar Olujic - Harmonika (OFFICIAL VIDEO).MP3"
Nov 27 18:15 : player_thread: played "Gru feat. Ajs Nigrutin - I Dalje Me ele (Official Music Video).mp3"
Nov 27 18:18 : player_thread: played "Tony Ray feat. Gianna - Chica Loca (Official Music Video HD).MP3"
Nov 27 18:21 : player_thread: played "Petar Mitic Gas do daske.mp3"
Nov 27 18:25 : player_thread: played "Maya - Leti Ptico Slobodno [Single 2012.].MP3"
Nov 27 19:03 : avahi: Client Disconnected, will reconnect shortly
Nov 27 19:03 : avahi: Could not reconnect: An unexpected D-Bus error occured
Nov 28 07:06 : player_thread: played "In Vivo - Moje Leto (ft. BoyanT).mp3"
Nov 28 07:09 : avahi: Client Disconnected, will reconnect shortly
Nov 28 07:09 : avahi: Could not reconnect: An unexpected D-Bus error occured
Nov 29 17:35 : player_thread: played "karolina goceva - vise se ne vracas.mp3"
Nov 29 17:40 : player_thread: played "OK BAND-NASELI NA LJUBAV (Official Music Video).MP3"
Nov 29 17:42 : player_thread: played "Denial Ahmetovic - Ljubi me po sjecanju.MP3"
Nov 29 17:46 : player_thread: played "Adil - Od usana do stopala 2011.mpg.mp3"
Nov 29 17:49 : player_thread: played "GOCA TRZAN _ STOPERKA.MP3"
Nov 29 17:51 : player_thread: played "Denial Ahmetovic - Ljubi me po sjecanju.MP3"
Nov 29 17:55 : player_thread: played "Sean Paul - She Doesn't Mind [Official Music Video].mp3"
Nov 29 17:59 : player_thread: played "Gru feat. Ajs Nigrutin - I Dalje Me ele (Official Music Video).mp3"
Nov 29 18:03 : player_thread: played "GOCA TRZAN-STRASILO (OFFICIAL VIDEO).MP3"
Nov 29 18:07 : player_thread: played "Seki Turkovic - Sedi malo za moj sto.MP3"
Nov 29 18:11 : player_thread: played "Adil - Od usana do stopala 2011.mpg.mp3"
Nov 29 18:15 : player_thread: played "Ana Bekuta - Imam jedan život (Sava Centar 22.02.2012.).MP3"
Nov 29 20:12 : avahi: Client Disconnected, will reconnect shortly
Nov 29 20:12 : avahi: Could not reconnect: An unexpected D-Bus error occured
Nov 30 15:42 : player_thread: played "In Vivo - Moje Leto (ft. BoyanT).mp3"
Nov 30 15:46 : player_thread: played "OK BAND-NASELI NA LJUBAV (Official Music Video).MP3"
Nov 30 15:50 : player_thread: played "Mina Kostic & Igor X - Grudi od betona.MP3"
Nov 30 15:54 : player_thread: played "Seki Turkovic - Sedi malo za moj sto.MP3"
Nov 30 15:57 : player_thread: played "Gusttavo Lima - Balada Boa (LETRA).mp3"
Nov 30 16:00 : player_thread: played "Morris - Boca Linda (Official Video).MP3"
Nov 30 16:49 : avahi: Client Disconnected, will reconnect shortly
Nov 30 16:49 : avahi: Could not reconnect: An unexpected D-Bus error occured
Nov 30 18:35 : avahi: Client Disconnected, will reconnect shortly
Nov 30 18:35 : avahi: Could not reconnect: Daemon not running
Nov 30 19:12 : player_thread: played "ADIL - LJUBI ME PO SECANJU - TEKST.mp3"
Nov 30 19:15 : avahi: Client Disconnected, will reconnect shortly
Nov 30 19:15 : avahi: Could not reconnect: An unexpected D-Bus error occured
Dec 01 00:04 : avahi: Client Disconnected, will reconnect shortly
Dec 01 00:04 : avahi: Could not reconnect: Daemon not running
Dec 01 09:06 : player_thread: played "Sean Paul - She Doesn't Mind [Official Music Video].mp3"
Dec 01 09:10 : player_thread: played "ADIL - LJUBI ME PO SECANJU - TEKST.mp3"
Dec 01 09:13 : player_thread: played "Allexinno & Starchild - Senorita.mp3"
Dec 01 09:17 : player_thread: played "Adil - Laku noc (2012) Grand Diet Plus Festival (Live).MP3"
Dec 01 10:31 : avahi: Client Disconnected, will reconnect shortly
Dec 01 10:31 : avahi: Could not reconnect: An unexpected D-Bus error occured
Dec 01 13:23 : avahi: Client Disconnected, will reconnect shortly
Dec 01 13:23 : avahi: Could not reconnect: An unexpected D-Bus error occured
Dec 01 18:35 : player_thread: played "♫ DJ Elon Matana - Hits of 2012 Vol 6 ♫ __HD 1080p_ (Tracklist OffiCiaL).MP3"
Dec 01 18:38 : player_thread: played "karolina goceva - vise se ne vracas.mp3"
Dec 01 18:42 : player_thread: played "Adil - Od usana do stopala 2011.mpg.mp3"
Dec 01 18:46 : player_thread: played "Sean Paul - She Doesn't Mind [Official Music Video].mp3"
Dec 01 18:50 : player_thread: played "mlaDJa & Big Time feat. Jovan Perisic & Aleksandar Olujic - Harmonika (OFFICIAL VIDEO).MP3"
Dec 01 18:53 : player_thread: played "Morris - Boca Linda (Official Video).MP3"
Dec 01 18:57 : player_thread: played "Ivana Selakov - Moje ime je sreca.MP3"
Dec 01 19:01 : player_thread: played "Mina Kostic & Igor X - Grudi od betona.MP3"
Dec 01 19:05 : player_thread: played "ADIL - LJUBI ME PO SECANJU - TEKST.mp3"
Dec 01 19:08 : player_thread: played "Morris - Boca Linda (Official Video).MP3"
Dec 01 19:11 : player_thread: played "Allexinno & Starchild - Senorita.mp3"
Dec 01 19:15 : player_thread: played "mlaDJa & Big Time feat. Jovan Perisic & Aleksandar Olujic - Harmonika (OFFICIAL VIDEO).MP3"
Dec 01 19:20 : player_thread: played "Adil Maksutović - Sinovi tuge (Zvanični video) [HQ].MP3"
Dec 01 19:23 : player_thread: played "karolina goceva - vise se ne vracas.mp3"
Dec 01 19:27 : player_thread: played "In Vivo - Moje Leto (ft. BoyanT).mp3"
Dec 01 19:31 : player_thread: played "Dado Polumenta - Ko zna gdje si [OFFICIAL HQ VIDEO _ SPOT].MP3"
Dec 01 19:35 : player_thread: played "Claydee - Mamacita Buena (Official Video).MP3"
Dec 01 19:40 : player_thread: played "Adil - Od usana do stopala 2011.mpg.mp3"
Dec 01 19:44 : player_thread: played "Dado Polumenta - Ko zna gdje si [OFFICIAL HQ VIDEO _ SPOT].MP3"
Dec 01 19:48 : player_thread: played "Trile Feat. Sha - Brzi od metka (OFFICIAL HD VIDEO) 2011.mp3"
Dec 01 19:51 : player_thread: played "Far East Movement - Like A G6 ft. The Cataracs, DEV.MP3"
Dec 01 19:54 : player_thread: played "Petar Mitic Gas do daske.mp3"
Dec 01 19:58 : player_thread: played "Seki Turkovic - Sedi malo za moj sto.MP3"
Dec 01 21:05 : avahi: Client Disconnected, will reconnect shortly
Dec 01 21:05 : avahi: Could not reconnect: An unexpected D-Bus error occured
Dec 02 08:37 : player_thread: played "Denial Ahmetovic - Ljubi me po sjecanju.MP3"
Dec 02 08:40 : player_thread: played "Milan Mitrovic - Necu da me starost pita - www.domaci.de.mp3"
Dec 02 08:43 : player_thread: played "Tony Ray feat. Gianna - Chica Loca (Official Music Video HD).MP3"
Dec 02 08:46 : player_thread: played "Ivana Selakov - Moje ime je sreca.MP3"
Dec 02 08:50 : player_thread: played "Maya - Leti Ptico Slobodno [Single 2012.].MP3"
Dec 02 08:54 : player_thread: played "Mina Kostic & Igor X - Grudi od betona.MP3"
Dec 02 08:57 : player_thread: played "GOCA TRZAN _ STOPERKA.MP3"
Dec 02 09:00 : player_thread: played "In Vivo - Moje Leto (ft. BoyanT).mp3"
Dec 02 09:04 : player_thread: played "Gru feat. Ajs Nigrutin - I Dalje Me ele (Official Music Video).mp3"
Dec 02 09:08 : player_thread: played "Far East Movement - Like A G6 ft. The Cataracs, DEV.MP3"
Dec 02 09:11 : player_thread: played "Ana Bekuta - Imam jedan život (Sava Centar 22.02.2012.).MP3"
Dec 02 09:15 : player_thread: played "Ana Bekuta - Imam jedan život (Sava Centar 22.02.2012.).MP3"
